Using pre-set license
Built from '2020.3/staging' branch; Version is '2020.3.18f1 (a7d1c678663c) revision 10998214'; Using compiler version '192528614'; Build Type 'Release'
OS: 'Windows 10 Education; OS build 19042.1288; Version 2009; 64bit' Language: 'en' Physical Memory: 16099 MB
BatchMode: 1, IsHumanControllingUs: 0, StartBugReporterOnCrash: 0, Is64bit: 1, IsPro: 0

COMMAND LINE ARGUMENTS:
C:\Program Files\Unity\Hub\Editor\2020.3.18f1\Editor\Unity.exe
-adb2
-batchMode
-noUpm
-name
AssetImportWorker0
-projectPath
C:/Users/daniel.parent/OneDrive - School District No. 36 (Surrey)/GitHub/Grade 10 Example
-logFile
Logs/AssetImportWorker0.log
-srvPort
54355
Successfully changed project path to: C:/Users/daniel.parent/OneDrive - School District No. 36 (Surrey)/GitHub/Grade 10 Example
C:/Users/daniel.parent/OneDrive - School District No. 36 (Surrey)/GitHub/Grade 10 Example
Using Asset Import Pipeline V2.
Refreshing native plugins compatible for Editor in 32.80 ms, found 2 plugins.
Preloading 0 native plugins for Editor in 0.00 ms.
Initialize engine version: 2020.3.18f1 (a7d1c678663c)
[Subsystems] Discovering subsystems at path C:/Program Files/Unity/Hub/Editor/2020.3.18f1/Editor/Data/Resources/UnitySubsystems
[Subsystems] Discovering subsystems at path C:/Users/daniel.parent/OneDrive - School District No. 36 (Surrey)/GitHub/Grade 10 Example/Assets
GfxDevice: creating device client; threaded=0
Direct3D:
    Version:  Direct3D 11.0 [level 11.1]
    Renderer: Intel(R) UHD Graphics 630 (ID=0x9bc8)
    Vendor:   
    VRAM:     8049 MB
    Driver:   26.20.100.8141
Initialize mono
Mono path[0] = 'C:/Program Files/Unity/Hub/Editor/2020.3.18f1/Editor/Data/Managed'
Mono path[1] = 'C:/Program Files/Unity/Hub/Editor/2020.3.18f1/Editor/Data/MonoBleedingEdge/lib/mono/unityjit'
Mono config path = 'C:/Program Files/Unity/Hub/Editor/2020.3.18f1/Editor/Data/MonoBleedingEdge/etc'
Using monoOptions --debugger-agent=transport=dt_socket,embedding=1,server=y,suspend=n,address=127.0.0.1:56704
Begin MonoManager ReloadAssembly
Registering precompiled unity dll's ...
Register platform support module: C:/Program Files/Unity/Hub/Editor/2020.3.18f1/Editor/Data/PlaybackEngines/WebGLSupport/UnityEditor.WebGL.Extensions.dll
Register platform support module: C:/Program Files/Unity/Hub/Editor/2020.3.18f1/Editor/Data/PlaybackEngines/WindowsStandaloneSupport/UnityEditor.WindowsStandalone.Extensions.dll
Registered in 0.001417 seconds.
Native extension for WindowsStandalone target not found
Native extension for WebGL target not found
Refreshing native plugins compatible for Editor in 31.26 ms, found 2 plugins.
Preloading 0 native plugins for Editor in 0.00 ms.
Mono: successfully reloaded assembly
- Completed reload, in  1.629 seconds
Domain Reload Profiling:
	ReloadAssembly (1630ms)
		BeginReloadAssembly (44ms)
			ExecutionOrderSort (0ms)
			DisableScriptedObjects (0ms)
			BackupInstance (0ms)
			ReleaseScriptingObjects (0ms)
			CreateAndSetChildDomain (1ms)
		EndReloadAssembly (332ms)
			LoadAssemblies (43ms)
			RebuildTransferFunctionScriptingTraits (0ms)
			SetupTypeCache (118ms)
			ReleaseScriptCaches (0ms)
			RebuildScriptCaches (27ms)
			SetupLoadedEditorAssemblies (133ms)
				LogAssemblyErrors (0ms)
				InitializePlatformSupportModulesInManaged (4ms)
				SetLoadedEditorAssemblies (0ms)
				RefreshPlugins (31ms)
				BeforeProcessingInitializeOnLoad (13ms)
				ProcessInitializeOnLoadAttributes (62ms)
				ProcessInitializeOnLoadMethodAttributes (22ms)
				AfterProcessingInitializeOnLoad (0ms)
				EditorAssembliesLoaded (0ms)
			ExecutionOrderSort2 (0ms)
			AwakeInstancesAfterBackupRestoration (0ms)
Platform modules already initialized, skipping
Registering precompiled user dll's ...
Registered in 0.002456 seconds.
Begin MonoManager ReloadAssembly
Native extension for WindowsStandalone target not found
Native extension for WebGL target not found
Refreshing native plugins compatible for Editor in 0.39 ms, found 2 plugins.
Preloading 0 native plugins for Editor in 0.00 ms.
Mono: successfully reloaded assembly
- Completed reload, in  0.803 seconds
Domain Reload Profiling:
	ReloadAssembly (804ms)
		BeginReloadAssembly (116ms)
			ExecutionOrderSort (0ms)
			DisableScriptedObjects (4ms)
			BackupInstance (0ms)
			ReleaseScriptingObjects (0ms)
			CreateAndSetChildDomain (14ms)
		EndReloadAssembly (640ms)
			LoadAssemblies (71ms)
			RebuildTransferFunctionScriptingTraits (0ms)
			SetupTypeCache (213ms)
			ReleaseScriptCaches (0ms)
			RebuildScriptCaches (35ms)
			SetupLoadedEditorAssemblies (253ms)
				LogAssemblyErrors (0ms)
				InitializePlatformSupportModulesInManaged (4ms)
				SetLoadedEditorAssemblies (0ms)
				RefreshPlugins (0ms)
				BeforeProcessingInitializeOnLoad (67ms)
				ProcessInitializeOnLoadAttributes (174ms)
				ProcessInitializeOnLoadMethodAttributes (3ms)
				AfterProcessingInitializeOnLoad (4ms)
				EditorAssembliesLoaded (0ms)
			ExecutionOrderSort2 (0ms)
			AwakeInstancesAfterBackupRestoration (5ms)
Platform modules already initialized, skipping
========================================================================
Worker process is ready to serve import requests
Launched and connected shader compiler UnityShaderCompiler.exe after 0.05 seconds
Refreshing native plugins compatible for Editor in 0.37 ms, found 2 plugins.
Preloading 0 native plugins for Editor in 0.00 ms.
Unloading 1770 Unused Serialized files (Serialized files now loaded: 0)
System memory in use before: 169.5 MB.
System memory in use after: 169.5 MB.

Unloading 17 unused Assets to reduce memory usage. Loaded Objects now: 2237.
Total: 2.922800 ms (FindLiveObjects: 0.179300 ms CreateObjectMapping: 0.069800 ms MarkObjects: 2.568700 ms  DeleteObjects: 0.104300 ms)

AssetImportParameters requested are different than current active one (requested -> active):
  requireTextureImportCompression: false -> true
  custom:framework-win-MediaFoundation: 216162199b28c13a410421893ffa2e32 -> 
  custom:video-decoder-ogg-theora: a1e56fd34408186e4bbccfd4996cb3dc -> 
  custom:container-muxer-webm: aa71ff27fc2769a1b78a27578f13a17b -> 
  custom:container-demuxer-webm: 4f35f7cbe854078d1ac9338744f61a02 -> 
  custom:container-demuxer-ogg: 62fdf1f143b41e24485cea50d1cbac27 -> 
  custom:video-encoder-webm-vp8: eb34c28f22e8b96e1ab97ce403110664 -> 
  custom:video-decoder-webm-vp8: 9c59270c3fd7afecdb556c50c9e8de78 -> 
  custom:audio-decoder-ogg-vorbis: bf7c407c2cedff20999df2af8eb42d56 -> 
  custom:audio-encoder-webm-vorbis: bf7c407c2cedff20999df2af8eb42d56 -> 
========================================================================
Received Import Request.
  path: Assets/Scripts/BreakableWall.cs
  artifactKey: Guid(cc567372bab08e1479efd114d2c52863) Importer(815301076,1909f56bfc062723c751e8b465ee728b)
Start importing Assets/Scripts/BreakableWall.cs using Guid(cc567372bab08e1479efd114d2c52863) Importer(815301076,1909f56bfc062723c751e8b465ee728b)  -> (artifact id: 'efbbe2f320e709910a3222bb72d933ca') in 0.020668 seconds 
  Import took 0.027603 seconds .

========================================================================
Received Import Request.
  Time since last request: 12.559254 seconds.
  path: Assets/Scripts/SetActive.cs
  artifactKey: Guid(2d1738ed4d63c46438e5859f0ab9148a) Importer(815301076,1909f56bfc062723c751e8b465ee728b)
Start importing Assets/Scripts/SetActive.cs using Guid(2d1738ed4d63c46438e5859f0ab9148a) Importer(815301076,1909f56bfc062723c751e8b465ee728b)  -> (artifact id: '87decbfa1ee24a5a98e780c629aa35a8') in 0.011303 seconds 
  Import took 0.020681 seconds .

========================================================================
Received Prepare
Registering precompiled user dll's ...
Registered in 0.002318 seconds.
Begin MonoManager ReloadAssembly
Native extension for WindowsStandalone target not found
Native extension for WebGL target not found
Refreshing native plugins compatible for Editor in 0.38 ms, found 2 plugins.
Preloading 0 native plugins for Editor in 0.00 ms.
Mono: successfully reloaded assembly
- Completed reload, in  0.804 seconds
Domain Reload Profiling:
	ReloadAssembly (804ms)
		BeginReloadAssembly (94ms)
			ExecutionOrderSort (0ms)
			DisableScriptedObjects (4ms)
			BackupInstance (0ms)
			ReleaseScriptingObjects (0ms)
			CreateAndSetChildDomain (25ms)
		EndReloadAssembly (661ms)
			LoadAssemblies (71ms)
			RebuildTransferFunctionScriptingTraits (0ms)
			SetupTypeCache (223ms)
			ReleaseScriptCaches (1ms)
			RebuildScriptCaches (38ms)
			SetupLoadedEditorAssemblies (247ms)
				LogAssemblyErrors (0ms)
				InitializePlatformSupportModulesInManaged (5ms)
				SetLoadedEditorAssemblies (0ms)
				RefreshPlugins (0ms)
				BeforeProcessingInitializeOnLoad (63ms)
				ProcessInitializeOnLoadAttributes (171ms)
				ProcessInitializeOnLoadMethodAttributes (3ms)
				AfterProcessingInitializeOnLoad (4ms)
				EditorAssembliesLoaded (0ms)
			ExecutionOrderSort2 (0ms)
			AwakeInstancesAfterBackupRestoration (5ms)
Platform modules already initialized, skipping
Refreshing native plugins compatible for Editor in 0.38 ms, found 2 plugins.
Preloading 0 native plugins for Editor in 0.00 ms.
Unloading 1740 Unused Serialized files (Serialized files now loaded: 0)
System memory in use before: 166.8 MB.
System memory in use after: 166.9 MB.

Unloading 12 unused Assets to reduce memory usage. Loaded Objects now: 2240.
Total: 2.295500 ms (FindLiveObjects: 0.157000 ms CreateObjectMapping: 0.054100 ms MarkObjects: 2.007100 ms  DeleteObjects: 0.076500 ms)

AssetImportParameters requested are different than current active one (requested -> active):
  requireTextureImportCompression: false -> true
  custom:framework-win-MediaFoundation: 216162199b28c13a410421893ffa2e32 -> 
  custom:video-decoder-ogg-theora: a1e56fd34408186e4bbccfd4996cb3dc -> 
  custom:container-muxer-webm: aa71ff27fc2769a1b78a27578f13a17b -> 
  custom:container-demuxer-webm: 4f35f7cbe854078d1ac9338744f61a02 -> 
  custom:container-demuxer-ogg: 62fdf1f143b41e24485cea50d1cbac27 -> 
  custom:video-encoder-webm-vp8: eb34c28f22e8b96e1ab97ce403110664 -> 
  custom:video-decoder-webm-vp8: 9c59270c3fd7afecdb556c50c9e8de78 -> 
  custom:audio-decoder-ogg-vorbis: bf7c407c2cedff20999df2af8eb42d56 -> 
  custom:audio-encoder-webm-vorbis: bf7c407c2cedff20999df2af8eb42d56 -> 
========================================================================
Received Import Request.
  Time since last request: 74.083690 seconds.
  path: Assets/Scripts/SetActive.cs
  artifactKey: Guid(2d1738ed4d63c46438e5859f0ab9148a) Importer(815301076,1909f56bfc062723c751e8b465ee728b)
Start importing Assets/Scripts/SetActive.cs using Guid(2d1738ed4d63c46438e5859f0ab9148a) Importer(815301076,1909f56bfc062723c751e8b465ee728b)  -> (artifact id: 'cbfdc04678cf55cf1ec7a5bef4442ea6') in 0.007976 seconds 
  Import took 0.017069 seconds .

========================================================================
Received Import Request.
  Time since last request: 0.001480 seconds.
  path: Assets/Scripts/SetActive.cs
  artifactKey: Guid(2d1738ed4d63c46438e5859f0ab9148a) Importer(815301076,1909f56bfc062723c751e8b465ee728b)
Start importing Assets/Scripts/SetActive.cs using Guid(2d1738ed4d63c46438e5859f0ab9148a) Importer(815301076,1909f56bfc062723c751e8b465ee728b)  -> (artifact id: 'cbfdc04678cf55cf1ec7a5bef4442ea6') in 0.003017 seconds 
  Import took 0.011525 seconds .

========================================================================
Received Prepare
Registering precompiled user dll's ...
Registered in 0.037722 seconds.
Begin MonoManager ReloadAssembly
Native extension for WindowsStandalone target not found
Native extension for WebGL target not found
Refreshing native plugins compatible for Editor in 0.79 ms, found 2 plugins.
Preloading 0 native plugins for Editor in 0.00 ms.
Mono: successfully reloaded assembly
- Completed reload, in  1.187 seconds
Domain Reload Profiling:
	ReloadAssembly (1187ms)
		BeginReloadAssembly (127ms)
			ExecutionOrderSort (0ms)
			DisableScriptedObjects (4ms)
			BackupInstance (0ms)
			ReleaseScriptingObjects (0ms)
			CreateAndSetChildDomain (37ms)
		EndReloadAssembly (996ms)
			LoadAssemblies (98ms)
			RebuildTransferFunctionScriptingTraits (0ms)
			SetupTypeCache (332ms)
			ReleaseScriptCaches (1ms)
			RebuildScriptCaches (40ms)
			SetupLoadedEditorAssemblies (431ms)
				LogAssemblyErrors (0ms)
				InitializePlatformSupportModulesInManaged (6ms)
				SetLoadedEditorAssemblies (0ms)
				RefreshPlugins (1ms)
				BeforeProcessingInitializeOnLoad (77ms)
				ProcessInitializeOnLoadAttributes (338ms)
				ProcessInitializeOnLoadMethodAttributes (4ms)
				AfterProcessingInitializeOnLoad (5ms)
				EditorAssembliesLoaded (0ms)
			ExecutionOrderSort2 (0ms)
			AwakeInstancesAfterBackupRestoration (7ms)
Platform modules already initialized, skipping
Refreshing native plugins compatible for Editor in 0.38 ms, found 2 plugins.
Preloading 0 native plugins for Editor in 0.00 ms.
Unloading 1740 Unused Serialized files (Serialized files now loaded: 0)
System memory in use before: 166.8 MB.
System memory in use after: 166.9 MB.

Unloading 12 unused Assets to reduce memory usage. Loaded Objects now: 2242.
Total: 2.448700 ms (FindLiveObjects: 0.146600 ms CreateObjectMapping: 0.046500 ms MarkObjects: 2.192800 ms  DeleteObjects: 0.062200 ms)

AssetImportParameters requested are different than current active one (requested -> active):
  requireTextureImportCompression: false -> true
  custom:framework-win-MediaFoundation: 216162199b28c13a410421893ffa2e32 -> 
  custom:video-decoder-ogg-theora: a1e56fd34408186e4bbccfd4996cb3dc -> 
  custom:container-muxer-webm: aa71ff27fc2769a1b78a27578f13a17b -> 
  custom:container-demuxer-webm: 4f35f7cbe854078d1ac9338744f61a02 -> 
  custom:container-demuxer-ogg: 62fdf1f143b41e24485cea50d1cbac27 -> 
  custom:video-encoder-webm-vp8: eb34c28f22e8b96e1ab97ce403110664 -> 
  custom:video-decoder-webm-vp8: 9c59270c3fd7afecdb556c50c9e8de78 -> 
  custom:audio-decoder-ogg-vorbis: bf7c407c2cedff20999df2af8eb42d56 -> 
  custom:audio-encoder-webm-vorbis: bf7c407c2cedff20999df2af8eb42d56 -> 
========================================================================
Received Import Request.
  Time since last request: 71.502442 seconds.
  path: Assets/Scenes/Forest.unity
  artifactKey: Guid(284141d1c2164c34eb66d1c3a746fe7d) Importer(815301076,1909f56bfc062723c751e8b465ee728b)
Start importing Assets/Scenes/Forest.unity using Guid(284141d1c2164c34eb66d1c3a746fe7d) Importer(815301076,1909f56bfc062723c751e8b465ee728b)  -> (artifact id: '21d8c948b26669882d835cee7500f5ff') in 0.024316 seconds 
  Import took 0.030603 seconds .

========================================================================
Received Import Request.
  Time since last request: 31.727520 seconds.
  path: Assets/Scenes/Moon.unity
  artifactKey: Guid(29ba5c81488e46242a408b77016d82ae) Importer(815301076,1909f56bfc062723c751e8b465ee728b)
Start importing Assets/Scenes/Moon.unity using Guid(29ba5c81488e46242a408b77016d82ae) Importer(815301076,1909f56bfc062723c751e8b465ee728b)  -> (artifact id: 'ac2343a580fd531a506c1049623ad069') in 0.010947 seconds 
  Import took 0.019485 seconds .

========================================================================
Received Prepare
Registering precompiled user dll's ...
Registered in 0.002398 seconds.
Begin MonoManager ReloadAssembly
Native extension for WindowsStandalone target not found
Native extension for WebGL target not found
Refreshing native plugins compatible for Editor in 0.36 ms, found 2 plugins.
Preloading 0 native plugins for Editor in 0.00 ms.
Mono: successfully reloaded assembly
- Completed reload, in  0.801 seconds
Domain Reload Profiling:
	ReloadAssembly (802ms)
		BeginReloadAssembly (101ms)
			ExecutionOrderSort (0ms)
			DisableScriptedObjects (4ms)
			BackupInstance (0ms)
			ReleaseScriptingObjects (0ms)
			CreateAndSetChildDomain (27ms)
		EndReloadAssembly (654ms)
			LoadAssemblies (70ms)
			RebuildTransferFunctionScriptingTraits (0ms)
			SetupTypeCache (220ms)
			ReleaseScriptCaches (1ms)
			RebuildScriptCaches (38ms)
			SetupLoadedEditorAssemblies (239ms)
				LogAssemblyErrors (0ms)
				InitializePlatformSupportModulesInManaged (5ms)
				SetLoadedEditorAssemblies (0ms)
				RefreshPlugins (0ms)
				BeforeProcessingInitializeOnLoad (59ms)
				ProcessInitializeOnLoadAttributes (167ms)
				ProcessInitializeOnLoadMethodAttributes (3ms)
				AfterProcessingInitializeOnLoad (4ms)
				EditorAssembliesLoaded (0ms)
			ExecutionOrderSort2 (0ms)
			AwakeInstancesAfterBackupRestoration (7ms)
Platform modules already initialized, skipping
Refreshing native plugins compatible for Editor in 0.48 ms, found 2 plugins.
Preloading 0 native plugins for Editor in 0.00 ms.
Unloading 1740 Unused Serialized files (Serialized files now loaded: 0)
System memory in use before: 166.7 MB.
System memory in use after: 166.8 MB.

Unloading 12 unused Assets to reduce memory usage. Loaded Objects now: 2244.
Total: 3.060500 ms (FindLiveObjects: 0.306400 ms CreateObjectMapping: 0.211400 ms MarkObjects: 2.438800 ms  DeleteObjects: 0.102500 ms)

AssetImportParameters requested are different than current active one (requested -> active):
  requireTextureImportCompression: false -> true
  custom:framework-win-MediaFoundation: 216162199b28c13a410421893ffa2e32 -> 
  custom:video-decoder-ogg-theora: a1e56fd34408186e4bbccfd4996cb3dc -> 
  custom:container-muxer-webm: aa71ff27fc2769a1b78a27578f13a17b -> 
  custom:container-demuxer-webm: 4f35f7cbe854078d1ac9338744f61a02 -> 
  custom:container-demuxer-ogg: 62fdf1f143b41e24485cea50d1cbac27 -> 
  custom:video-encoder-webm-vp8: eb34c28f22e8b96e1ab97ce403110664 -> 
  custom:video-decoder-webm-vp8: 9c59270c3fd7afecdb556c50c9e8de78 -> 
  custom:audio-decoder-ogg-vorbis: bf7c407c2cedff20999df2af8eb42d56 -> 
  custom:audio-encoder-webm-vorbis: bf7c407c2cedff20999df2af8eb42d56 -> 
========================================================================
Received Import Request.
  Time since last request: 24.247805 seconds.
  path: Assets/Scenes/Main Map.unity
  artifactKey: Guid(9fc0d4010bbf28b4594072e72b8655ab) Importer(815301076,1909f56bfc062723c751e8b465ee728b)
Start importing Assets/Scenes/Main Map.unity using Guid(9fc0d4010bbf28b4594072e72b8655ab) Importer(815301076,1909f56bfc062723c751e8b465ee728b)  -> (artifact id: '7ad4e1b8d4817872b50bb3c029ab83ce') in 0.019754 seconds 
  Import took 0.025697 seconds .

========================================================================
Received Import Request.
  Time since last request: 81.660523 seconds.
  path: Assets/3LE Low Poly Cloud Pack/Models/Materials
  artifactKey: Guid(3c4bf04abe207cd458b94b507d0d169d) Importer(815301076,1909f56bfc062723c751e8b465ee728b)
Start importing Assets/3LE Low Poly Cloud Pack/Models/Materials using Guid(3c4bf04abe207cd458b94b507d0d169d) Importer(815301076,1909f56bfc062723c751e8b465ee728b)  -> (artifact id: '5353e8fb3c86279d8981fcf51f73a25f') in 0.010849 seconds 
  Import took 0.018762 seconds .

========================================================================
Received Import Request.
  Time since last request: 0.034893 seconds.
  path: Assets/3LE Low Poly Cloud Pack/Models/Materials/Cloud_cumulus.mat
  artifactKey: Guid(6b9f3ceb7b8a4494b81c12bb67f6a014) Importer(815301076,1909f56bfc062723c751e8b465ee728b)
Start importing Assets/3LE Low Poly Cloud Pack/Models/Materials/Cloud_cumulus.mat using Guid(6b9f3ceb7b8a4494b81c12bb67f6a014) Importer(815301076,1909f56bfc062723c751e8b465ee728b)  -> (artifact id: '79822deea1f743c042a82550cc4408a7') in 0.071316 seconds 
  Import took 0.078710 seconds .

========================================================================
Received Import Request.
  Time since last request: 0.000169 seconds.
  path: Assets/3LE Low Poly Cloud Pack/Models/Materials/Clouds_cumulonimbus.mat
  artifactKey: Guid(2fa1edf430f612945a70dd86b50e2479) Importer(815301076,1909f56bfc062723c751e8b465ee728b)
Start importing Assets/3LE Low Poly Cloud Pack/Models/Materials/Clouds_cumulonimbus.mat using Guid(2fa1edf430f612945a70dd86b50e2479) Importer(815301076,1909f56bfc062723c751e8b465ee728b)  -> (artifact id: '7eca11645ce01afaa02169599fc881d6') in 0.028096 seconds 
  Import took 0.034140 seconds .

========================================================================
Received Import Request.
  Time since last request: 0.000149 seconds.
  path: Assets/3LE Low Poly Cloud Pack/Models/Materials/Clouds_Swirls.mat
  artifactKey: Guid(012ff92e38d62cc49959d9c8454d59b8) Importer(815301076,1909f56bfc062723c751e8b465ee728b)
Start importing Assets/3LE Low Poly Cloud Pack/Models/Materials/Clouds_Swirls.mat using Guid(012ff92e38d62cc49959d9c8454d59b8) Importer(815301076,1909f56bfc062723c751e8b465ee728b)  -> (artifact id: '7f7ff155a6580c948efdd3285e8d8a8b') in 0.025048 seconds 
  Import took 0.031749 seconds .

========================================================================
Received Import Request.
  Time since last request: 0.000173 seconds.
  path: Assets/3LE Low Poly Cloud Pack/Models/Materials/Clouds_cumulus_puffy.mat
  artifactKey: Guid(4ebb047424c76254d96e701ec6552c7e) Importer(815301076,1909f56bfc062723c751e8b465ee728b)
Start importing Assets/3LE Low Poly Cloud Pack/Models/Materials/Clouds_cumulus_puffy.mat using Guid(4ebb047424c76254d96e701ec6552c7e) Importer(815301076,1909f56bfc062723c751e8b465ee728b)  -> (artifact id: 'b342393754067f41e6a067e62f897257') in 0.024116 seconds 
  Import took 0.030384 seconds .

========================================================================
Received Import Request.
  Time since last request: 0.000131 seconds.
  path: Assets/3LE Low Poly Cloud Pack/Models/Materials/Clouds_Strato.mat
  artifactKey: Guid(3caf37f89b2b5444ca6a473c8a1d70c1) Importer(815301076,1909f56bfc062723c751e8b465ee728b)
Start importing Assets/3LE Low Poly Cloud Pack/Models/Materials/Clouds_Strato.mat using Guid(3caf37f89b2b5444ca6a473c8a1d70c1) Importer(815301076,1909f56bfc062723c751e8b465ee728b)  -> (artifact id: 'fd8ad799f99c96cf455788657cb3604c') in 0.022343 seconds 
  Import took 0.028587 seconds .

========================================================================
Received Import Request.
  Time since last request: 0.000156 seconds.
  path: Assets/3LE Low Poly Cloud Pack/Models/Materials/Clouds_stratus.mat
  artifactKey: Guid(032d8fc51acc39b4dae762d59ed273fc) Importer(815301076,1909f56bfc062723c751e8b465ee728b)
Start importing Assets/3LE Low Poly Cloud Pack/Models/Materials/Clouds_stratus.mat using Guid(032d8fc51acc39b4dae762d59ed273fc) Importer(815301076,1909f56bfc062723c751e8b465ee728b)  -> (artifact id: 'db628d6975e210de9a571e5caeaedd59') in 0.021939 seconds 
  Import took 0.028440 seconds .

========================================================================
Received Import Request.
  Time since last request: 35.866485 seconds.
  path: Assets/Car Prefabs/LowPolyCarPack/ExampleAssets/Models
  artifactKey: Guid(e9f659320c30bcb48a69195099503bec) Importer(815301076,1909f56bfc062723c751e8b465ee728b)
Start importing Assets/Car Prefabs/LowPolyCarPack/ExampleAssets/Models using Guid(e9f659320c30bcb48a69195099503bec) Importer(815301076,1909f56bfc062723c751e8b465ee728b)  -> (artifact id: '19a78afb741bae677ee2a9db27bb095e') in 0.009527 seconds 
  Import took 0.018408 seconds .

========================================================================
Received Import Request.
  Time since last request: 0.043225 seconds.
  path: Assets/Car Prefabs/LowPolyCarPack/ExampleAssets/Models/Environment.fbx
  artifactKey: Guid(b77dc7d4143e7174ea7b21514826d310) Importer(815301076,1909f56bfc062723c751e8b465ee728b)
Start importing Assets/Car Prefabs/LowPolyCarPack/ExampleAssets/Models/Environment.fbx using Guid(b77dc7d4143e7174ea7b21514826d310) Importer(815301076,1909f56bfc062723c751e8b465ee728b)  -> (artifact id: '0faceb1ee3ca69967e0ee9e5ba17a990') in 0.086103 seconds 
  Import took 0.094321 seconds .

========================================================================
Received Import Request.
  Time since last request: 0.704765 seconds.
  path: Assets/Car Prefabs/LowPolyCarPack/ExampleAssets/Models/Materials
  artifactKey: Guid(15cff051ef84ebb4e91bde49973e53db) Importer(815301076,1909f56bfc062723c751e8b465ee728b)
Start importing Assets/Car Prefabs/LowPolyCarPack/ExampleAssets/Models/Materials using Guid(15cff051ef84ebb4e91bde49973e53db) Importer(815301076,1909f56bfc062723c751e8b465ee728b)  -> (artifact id: 'bfe28558a145aa702d8e143179040d47') in 0.004105 seconds 
  Import took 0.014319 seconds .

========================================================================
Received Import Request.
  Time since last request: 0.059225 seconds.
  path: Assets/Car Prefabs/LowPolyCarPack/ExampleAssets/Models/Materials/bluegreen.mat
  artifactKey: Guid(2f741ca76d5d14241b47bc6e8c2a42c8) Importer(815301076,1909f56bfc062723c751e8b465ee728b)
Start importing Assets/Car Prefabs/LowPolyCarPack/ExampleAssets/Models/Materials/bluegreen.mat using Guid(2f741ca76d5d14241b47bc6e8c2a42c8) Importer(815301076,1909f56bfc062723c751e8b465ee728b)  -> (artifact id: '38feb8981807bad1b50f08aee3f61b7f') in 0.013043 seconds 
  Import took 0.020464 seconds .

========================================================================
Received Import Request.
  Time since last request: 0.000192 seconds.
  path: Assets/Car Prefabs/LowPolyCarPack/ExampleAssets/Models/Materials/wood.mat
  artifactKey: Guid(4bc462b665aa4b04fac0cadf86f4eb04) Importer(815301076,1909f56bfc062723c751e8b465ee728b)
Start importing Assets/Car Prefabs/LowPolyCarPack/ExampleAssets/Models/Materials/wood.mat using Guid(4bc462b665aa4b04fac0cadf86f4eb04) Importer(815301076,1909f56bfc062723c751e8b465ee728b)  -> (artifact id: 'bf02669276734a1ba0d4e683986e1fbd') in 0.018461 seconds 
  Import took 0.024946 seconds .

========================================================================
Received Import Request.
  Time since last request: 0.000188 seconds.
  path: Assets/Car Prefabs/LowPolyCarPack/ExampleAssets/Models/Materials/wire.mat
  artifactKey: Guid(dcf6ff65abb46fd44b9b46a4ea2769c2) Importer(815301076,1909f56bfc062723c751e8b465ee728b)
Start importing Assets/Car Prefabs/LowPolyCarPack/ExampleAssets/Models/Materials/wire.mat using Guid(dcf6ff65abb46fd44b9b46a4ea2769c2) Importer(815301076,1909f56bfc062723c751e8b465ee728b)  -> (artifact id: '31abf15a70729269e188df9b2a4c0c12') in 0.016227 seconds 
  Import took 0.023363 seconds .

========================================================================
Received Import Request.
  Time since last request: 0.000161 seconds.
  path: Assets/Car Prefabs/LowPolyCarPack/ExampleAssets/Models/Materials/road.mat
  artifactKey: Guid(bc5af52b5ad16ea45b5dab458ce6d4f4) Importer(815301076,1909f56bfc062723c751e8b465ee728b)
Start importing Assets/Car Prefabs/LowPolyCarPack/ExampleAssets/Models/Materials/road.mat using Guid(bc5af52b5ad16ea45b5dab458ce6d4f4) Importer(815301076,1909f56bfc062723c751e8b465ee728b)  -> (artifact id: 'b0df52cdc8ef0c2ede4378e4c6217171') in 0.020585 seconds 
  Import took 0.026985 seconds .

========================================================================
Received Import Request.
  Time since last request: 0.000190 seconds.
  path: Assets/Car Prefabs/LowPolyCarPack/ExampleAssets/Models/Materials/rock.mat
  artifactKey: Guid(a60f2e7b2b5dd834e9a746ed245d069e) Importer(815301076,1909f56bfc062723c751e8b465ee728b)
Start importing Assets/Car Prefabs/LowPolyCarPack/ExampleAssets/Models/Materials/rock.mat using Guid(a60f2e7b2b5dd834e9a746ed245d069e) Importer(815301076,1909f56bfc062723c751e8b465ee728b)  -> (artifact id: '7b65bd296585529d60888943ff3970a6') in 0.021092 seconds 
  Import took 0.027531 seconds .

========================================================================
Received Import Request.
  Time since last request: 0.000225 seconds.
  path: Assets/Car Prefabs/LowPolyCarPack/ExampleAssets/Models/Materials/roadalt.mat
  artifactKey: Guid(2afdb63b43302a8498b4e6c3f80d52e4) Importer(815301076,1909f56bfc062723c751e8b465ee728b)
Start importing Assets/Car Prefabs/LowPolyCarPack/ExampleAssets/Models/Materials/roadalt.mat using Guid(2afdb63b43302a8498b4e6c3f80d52e4) Importer(815301076,1909f56bfc062723c751e8b465ee728b)  -> (artifact id: '05efa302e245a9ddecf310bec9dd5253') in 0.016091 seconds 
  Import took 0.021690 seconds .

========================================================================
Received Import Request.
  Time since last request: 0.000191 seconds.
  path: Assets/Car Prefabs/LowPolyCarPack/ExampleAssets/Models/Materials/Sand.mat
  artifactKey: Guid(cb2e75aa1bf35ab4dbb9e063eed6be6e) Importer(815301076,1909f56bfc062723c751e8b465ee728b)
Start importing Assets/Car Prefabs/LowPolyCarPack/ExampleAssets/Models/Materials/Sand.mat using Guid(cb2e75aa1bf35ab4dbb9e063eed6be6e) Importer(815301076,1909f56bfc062723c751e8b465ee728b)  -> (artifact id: '293331b872f98258c08176666b836783') in 0.015152 seconds 
  Import took 0.022611 seconds .

========================================================================
Received Import Request.
  Time since last request: 0.000145 seconds.
  path: Assets/Car Prefabs/LowPolyCarPack/ExampleAssets/Models/Materials/stripes.mat
  artifactKey: Guid(e4784b48ac99cf140bc2d0eaebee4644) Importer(815301076,1909f56bfc062723c751e8b465ee728b)
Start importing Assets/Car Prefabs/LowPolyCarPack/ExampleAssets/Models/Materials/stripes.mat using Guid(e4784b48ac99cf140bc2d0eaebee4644) Importer(815301076,1909f56bfc062723c751e8b465ee728b)  -> (artifact id: 'e060959c8081fc8806d8e22f3350dd06') in 0.015806 seconds 
  Import took 0.022385 seconds .

========================================================================
Received Import Request.
  Time since last request: 0.000181 seconds.
  path: Assets/Car Prefabs/LowPolyCarPack/ExampleAssets/Models/Materials/yellowgreen.mat
  artifactKey: Guid(c86769698a3d6814d9e5a560c5c20e6c) Importer(815301076,1909f56bfc062723c751e8b465ee728b)
Start importing Assets/Car Prefabs/LowPolyCarPack/ExampleAssets/Models/Materials/yellowgreen.mat using Guid(c86769698a3d6814d9e5a560c5c20e6c) Importer(815301076,1909f56bfc062723c751e8b465ee728b)  -> (artifact id: 'e5ebe9c73af2558fbf7e509a71aa7e24') in 0.016373 seconds 
  Import took 0.022637 seconds .

========================================================================
Received Import Request.
  Time since last request: 5.039249 seconds.
  path: Assets/Car Prefabs/LowPolyCarPack/Palettes/Palette_Blue.png
  artifactKey: Guid(30b1dd504034b9740bad962ec4c5ab90) Importer(815301076,1909f56bfc062723c751e8b465ee728b)
Start importing Assets/Car Prefabs/LowPolyCarPack/Palettes/Palette_Blue.png using Guid(30b1dd504034b9740bad962ec4c5ab90) Importer(815301076,1909f56bfc062723c751e8b465ee728b)  -> (artifact id: '28933d69cfad7f2a02b24fb100bc3874') in 0.021439 seconds 
  Import took 0.031033 seconds .

========================================================================
Received Import Request.
  Time since last request: 0.000205 seconds.
  path: Assets/Car Prefabs/LowPolyCarPack/Palettes/Palette_Green.png
  artifactKey: Guid(6669a8090d705f14593e50a03512ee8d) Importer(815301076,1909f56bfc062723c751e8b465ee728b)
Start importing Assets/Car Prefabs/LowPolyCarPack/Palettes/Palette_Green.png using Guid(6669a8090d705f14593e50a03512ee8d) Importer(815301076,1909f56bfc062723c751e8b465ee728b)  -> (artifact id: '44dba09beb825b5218b37dd11abde8e4') in 0.022646 seconds 
  Import took 0.029350 seconds .

========================================================================
Received Import Request.
  Time since last request: 0.000181 seconds.
  path: Assets/Car Prefabs/LowPolyCarPack/Palettes/Palette_Red.png
  artifactKey: Guid(518fc686bf3d2ca418b50245a6e1f26c) Importer(815301076,1909f56bfc062723c751e8b465ee728b)
Start importing Assets/Car Prefabs/LowPolyCarPack/Palettes/Palette_Red.png using Guid(518fc686bf3d2ca418b50245a6e1f26c) Importer(815301076,1909f56bfc062723c751e8b465ee728b)  -> (artifact id: '2a0d800792d010c0fe376a6c8ea9d40f') in 0.021502 seconds 
  Import took 0.028065 seconds .

========================================================================
Received Import Request.
  Time since last request: 0.000188 seconds.
  path: Assets/Car Prefabs/LowPolyCarPack/Palettes/Palette_Purple.png
  artifactKey: Guid(03b0cab94769f0648b774960f999f527) Importer(815301076,1909f56bfc062723c751e8b465ee728b)
Start importing Assets/Car Prefabs/LowPolyCarPack/Palettes/Palette_Purple.png using Guid(03b0cab94769f0648b774960f999f527) Importer(815301076,1909f56bfc062723c751e8b465ee728b)  -> (artifact id: '8562632489ccd4209f3d41d7654d3425') in 0.023173 seconds 
  Import took 0.030742 seconds .

========================================================================
Received Import Request.
  Time since last request: 0.000159 seconds.
  path: Assets/Car Prefabs/LowPolyCarPack/Palettes/Palette_Silver.png
  artifactKey: Guid(62a9854529b0aec4d8fec41d295e1fc9) Importer(815301076,1909f56bfc062723c751e8b465ee728b)
Start importing Assets/Car Prefabs/LowPolyCarPack/Palettes/Palette_Silver.png using Guid(62a9854529b0aec4d8fec41d295e1fc9) Importer(815301076,1909f56bfc062723c751e8b465ee728b)  -> (artifact id: 'f6d87d2cd3b8c7d59110a746113356b1') in 0.021240 seconds 
  Import took 0.028032 seconds .

========================================================================
Received Import Request.
  Time since last request: 0.000171 seconds.
  path: Assets/Car Prefabs/LowPolyCarPack/Palettes/Palette_Yellow.png
  artifactKey: Guid(3f42a1f6889f5254fa3ab04dc5dd30f7) Importer(815301076,1909f56bfc062723c751e8b465ee728b)
Start importing Assets/Car Prefabs/LowPolyCarPack/Palettes/Palette_Yellow.png using Guid(3f42a1f6889f5254fa3ab04dc5dd30f7) Importer(815301076,1909f56bfc062723c751e8b465ee728b)  -> (artifact id: '4f079e66711af167871316ce1f7c586d') in 0.022604 seconds 
  Import took 0.029862 seconds .

========================================================================
Received Prepare
Registering precompiled user dll's ...
Registered in 0.002398 seconds.
Begin MonoManager ReloadAssembly
Native extension for WindowsStandalone target not found
Native extension for WebGL target not found
Refreshing native plugins compatible for Editor in 0.38 ms, found 2 plugins.
Preloading 0 native plugins for Editor in 0.00 ms.
Mono: successfully reloaded assembly
- Completed reload, in  0.806 seconds
Domain Reload Profiling:
	ReloadAssembly (806ms)
		BeginReloadAssembly (101ms)
			ExecutionOrderSort (0ms)
			DisableScriptedObjects (3ms)
			BackupInstance (0ms)
			ReleaseScriptingObjects (0ms)
			CreateAndSetChildDomain (27ms)
		EndReloadAssembly (655ms)
			LoadAssemblies (72ms)
			RebuildTransferFunctionScriptingTraits (0ms)
			SetupTypeCache (230ms)
			ReleaseScriptCaches (1ms)
			RebuildScriptCaches (33ms)
			SetupLoadedEditorAssemblies (241ms)
				LogAssemblyErrors (0ms)
				InitializePlatformSupportModulesInManaged (5ms)
				SetLoadedEditorAssemblies (0ms)
				RefreshPlugins (0ms)
				BeforeProcessingInitializeOnLoad (65ms)
				ProcessInitializeOnLoadAttributes (164ms)
				ProcessInitializeOnLoadMethodAttributes (3ms)
				AfterProcessingInitializeOnLoad (4ms)
				EditorAssembliesLoaded (0ms)
			ExecutionOrderSort2 (0ms)
			AwakeInstancesAfterBackupRestoration (5ms)
Platform modules already initialized, skipping
Refreshing native plugins compatible for Editor in 0.40 ms, found 2 plugins.
Preloading 0 native plugins for Editor in 0.00 ms.
Unloading 1738 Unused Serialized files (Serialized files now loaded: 0)
System memory in use before: 170.1 MB.
System memory in use after: 170.2 MB.

Unloading 14 unused Assets to reduce memory usage. Loaded Objects now: 2289.
Total: 2.724200 ms (FindLiveObjects: 0.214200 ms CreateObjectMapping: 0.056900 ms MarkObjects: 2.330400 ms  DeleteObjects: 0.122200 ms)

AssetImportParameters requested are different than current active one (requested -> active):
  requireTextureImportCompression: false -> true
  custom:framework-win-MediaFoundation: 216162199b28c13a410421893ffa2e32 -> 
  custom:video-decoder-ogg-theora: a1e56fd34408186e4bbccfd4996cb3dc -> 
  custom:container-muxer-webm: aa71ff27fc2769a1b78a27578f13a17b -> 
  custom:container-demuxer-webm: 4f35f7cbe854078d1ac9338744f61a02 -> 
  custom:container-demuxer-ogg: 62fdf1f143b41e24485cea50d1cbac27 -> 
  custom:video-encoder-webm-vp8: eb34c28f22e8b96e1ab97ce403110664 -> 
  custom:video-decoder-webm-vp8: 9c59270c3fd7afecdb556c50c9e8de78 -> 
  custom:audio-decoder-ogg-vorbis: bf7c407c2cedff20999df2af8eb42d56 -> 
  custom:audio-encoder-webm-vorbis: bf7c407c2cedff20999df2af8eb42d56 -> 
========================================================================
Received Import Request.
  Time since last request: 43.581851 seconds.
  path: Assets/PBR Texture Pack Vol 1/Materials/Wood Planks.mat
  artifactKey: Guid(1586879bce258794a9d6151d08980a73) Importer(815301076,1909f56bfc062723c751e8b465ee728b)
Start importing Assets/PBR Texture Pack Vol 1/Materials/Wood Planks.mat using Guid(1586879bce258794a9d6151d08980a73) Importer(815301076,1909f56bfc062723c751e8b465ee728b)  -> (artifact id: 'a846ccca6d7b390d11f67c8548053058') in 0.223898 seconds 
  Import took 0.236762 seconds .

========================================================================
Received Import Request.
  Time since last request: 10.025915 seconds.
  path: Assets/New Terrain 1.asset
  artifactKey: Guid(26ababf7dc46cfa48a5738d6c0468ec1) Importer(815301076,1909f56bfc062723c751e8b465ee728b)
Start importing Assets/New Terrain 1.asset using Guid(26ababf7dc46cfa48a5738d6c0468ec1) Importer(815301076,1909f56bfc062723c751e8b465ee728b)  -> (artifact id: '9982e1fd7acd22258b03f0109387e950') in 0.028331 seconds 
  Import took 0.036205 seconds .

========================================================================
Received Import Request.
  Time since last request: 0.000192 seconds.
  path: Assets/Tree.prefab
  artifactKey: Guid(13c174aaa4da3d845887cd42241660d4) Importer(815301076,1909f56bfc062723c751e8b465ee728b)
Start importing Assets/Tree.prefab using Guid(13c174aaa4da3d845887cd42241660d4) Importer(815301076,1909f56bfc062723c751e8b465ee728b)  -> (artifact id: '6f7db6872c4da5093a175702dbbd870b') in 0.240880 seconds 
  Import took 0.247426 seconds .

========================================================================
Received Import Request.
  Time since last request: 9.107919 seconds.
  path: Assets/Tree_Textures/diffuse.png
  artifactKey: Guid(55c6da66100fc3b4f82276cec348e8ea) Importer(815301076,1909f56bfc062723c751e8b465ee728b)
Start importing Assets/Tree_Textures/diffuse.png using Guid(55c6da66100fc3b4f82276cec348e8ea) Importer(815301076,1909f56bfc062723c751e8b465ee728b)  -> (artifact id: '39550a692c668a761be4006733b3687c') in 0.019215 seconds 
  Import took 0.028561 seconds .

========================================================================
Received Import Request.
  Time since last request: 0.000296 seconds.
  path: Assets/Tree_Textures/shadow.png
  artifactKey: Guid(99c860d257a76884cb324fd9e3d43aab) Importer(815301076,1909f56bfc062723c751e8b465ee728b)
Start importing Assets/Tree_Textures/shadow.png using Guid(99c860d257a76884cb324fd9e3d43aab) Importer(815301076,1909f56bfc062723c751e8b465ee728b)  -> (artifact id: '8eab8d313999d1cdff58c8ac8b5a52c4') in 0.014584 seconds 
  Import took 0.023879 seconds .

========================================================================
Received Import Request.
  Time since last request: 0.000244 seconds.
  path: Assets/Tree_Textures/translucency_gloss.png
  artifactKey: Guid(b7bc3b9fab4b709479686a819d49db43) Importer(815301076,1909f56bfc062723c751e8b465ee728b)
Start importing Assets/Tree_Textures/translucency_gloss.png using Guid(b7bc3b9fab4b709479686a819d49db43) Importer(815301076,1909f56bfc062723c751e8b465ee728b)  -> (artifact id: '2f1b1bed2c2b1f33ace2ca7e0ca74f79') in 0.020573 seconds 
  Import took 0.028075 seconds .

========================================================================
Received Import Request.
  Time since last request: 0.000169 seconds.
  path: Assets/Tree_Textures/normal_specular.png
  artifactKey: Guid(6bc7171b911f636419082fe6ccaa7cad) Importer(815301076,1909f56bfc062723c751e8b465ee728b)
Start importing Assets/Tree_Textures/normal_specular.png using Guid(6bc7171b911f636419082fe6ccaa7cad) Importer(815301076,1909f56bfc062723c751e8b465ee728b)  -> (artifact id: 'f099f51b1e1a485dbd46cf731bb4ab21') in 0.015937 seconds 
  Import took 0.023724 seconds .

========================================================================
Received Import Request.
  Time since last request: 11.524537 seconds.
  path: Assets/Scenes/Forest.unity
  artifactKey: Guid(284141d1c2164c34eb66d1c3a746fe7d) Importer(815301076,1909f56bfc062723c751e8b465ee728b)
Start importing Assets/Scenes/Forest.unity using Guid(284141d1c2164c34eb66d1c3a746fe7d) Importer(815301076,1909f56bfc062723c751e8b465ee728b)  -> (artifact id: 'b3635d5c2ad15c067aafedfb6bc9431e') in 0.002847 seconds 
  Import took 0.011158 seconds .

========================================================================
Received Import Request.
  Time since last request: 0.002905 seconds.
  path: Assets/Scenes/Forest.unity
  artifactKey: Guid(284141d1c2164c34eb66d1c3a746fe7d) Importer(815301076,1909f56bfc062723c751e8b465ee728b)
Start importing Assets/Scenes/Forest.unity using Guid(284141d1c2164c34eb66d1c3a746fe7d) Importer(815301076,1909f56bfc062723c751e8b465ee728b)  -> (artifact id: 'b3635d5c2ad15c067aafedfb6bc9431e') in 0.003259 seconds 
  Import took 0.012962 seconds .

========================================================================
Received Import Request.
  Time since last request: 51.000417 seconds.
  path: Assets/Scenes/Moon.unity
  artifactKey: Guid(29ba5c81488e46242a408b77016d82ae) Importer(815301076,1909f56bfc062723c751e8b465ee728b)
Start importing Assets/Scenes/Moon.unity using Guid(29ba5c81488e46242a408b77016d82ae) Importer(815301076,1909f56bfc062723c751e8b465ee728b)  -> (artifact id: 'e35f4cf6ec890bdaeeb0c2ac03ea8533') in 0.010765 seconds 
  Import took 0.019097 seconds .

========================================================================
Received Import Request.
  Time since last request: 64.604404 seconds.
  path: Assets/Scenes/Sky Level.unity
  artifactKey: Guid(8d56af19e46e70040bf66cb91b836de9) Importer(815301076,1909f56bfc062723c751e8b465ee728b)
Start importing Assets/Scenes/Sky Level.unity using Guid(8d56af19e46e70040bf66cb91b836de9) Importer(815301076,1909f56bfc062723c751e8b465ee728b)  -> (artifact id: 'f441fd6508e893c5dbd8b4f3253d548a') in 0.009514 seconds 
  Import took 0.017606 seconds .

========================================================================
Received Prepare
Registering precompiled user dll's ...
Registered in 0.002440 seconds.
Begin MonoManager ReloadAssembly
Native extension for WindowsStandalone target not found
Native extension for WebGL target not found
Refreshing native plugins compatible for Editor in 0.37 ms, found 2 plugins.
Preloading 0 native plugins for Editor in 0.00 ms.
Mono: successfully reloaded assembly
- Completed reload, in  0.785 seconds
Domain Reload Profiling:
	ReloadAssembly (786ms)
		BeginReloadAssembly (99ms)
			ExecutionOrderSort (0ms)
			DisableScriptedObjects (3ms)
			BackupInstance (0ms)
			ReleaseScriptingObjects (0ms)
			CreateAndSetChildDomain (27ms)
		EndReloadAssembly (639ms)
			LoadAssemblies (71ms)
			RebuildTransferFunctionScriptingTraits (0ms)
			SetupTypeCache (226ms)
			ReleaseScriptCaches (1ms)
			RebuildScriptCaches (31ms)
			SetupLoadedEditorAssemblies (233ms)
				LogAssemblyErrors (0ms)
				InitializePlatformSupportModulesInManaged (5ms)
				SetLoadedEditorAssemblies (0ms)
				RefreshPlugins (0ms)
				BeforeProcessingInitializeOnLoad (59ms)
				ProcessInitializeOnLoadAttributes (163ms)
				ProcessInitializeOnLoadMethodAttributes (3ms)
				AfterProcessingInitializeOnLoad (4ms)
				EditorAssembliesLoaded (0ms)
			ExecutionOrderSort2 (0ms)
			AwakeInstancesAfterBackupRestoration (6ms)
Platform modules already initialized, skipping
Refreshing native plugins compatible for Editor in 0.37 ms, found 2 plugins.
Preloading 0 native plugins for Editor in 0.00 ms.
Unloading 1738 Unused Serialized files (Serialized files now loaded: 0)
System memory in use before: 170.2 MB.
System memory in use after: 170.3 MB.

Unloading 12 unused Assets to reduce memory usage. Loaded Objects now: 2294.
Total: 2.457800 ms (FindLiveObjects: 0.159100 ms CreateObjectMapping: 0.046800 ms MarkObjects: 2.172000 ms  DeleteObjects: 0.079100 ms)

AssetImportParameters requested are different than current active one (requested -> active):
  requireTextureImportCompression: false -> true
  custom:framework-win-MediaFoundation: 216162199b28c13a410421893ffa2e32 -> 
  custom:video-decoder-ogg-theora: a1e56fd34408186e4bbccfd4996cb3dc -> 
  custom:container-muxer-webm: aa71ff27fc2769a1b78a27578f13a17b -> 
  custom:container-demuxer-webm: 4f35f7cbe854078d1ac9338744f61a02 -> 
  custom:container-demuxer-ogg: 62fdf1f143b41e24485cea50d1cbac27 -> 
  custom:video-encoder-webm-vp8: eb34c28f22e8b96e1ab97ce403110664 -> 
  custom:video-decoder-webm-vp8: 9c59270c3fd7afecdb556c50c9e8de78 -> 
  custom:audio-decoder-ogg-vorbis: bf7c407c2cedff20999df2af8eb42d56 -> 
  custom:audio-encoder-webm-vorbis: bf7c407c2cedff20999df2af8eb42d56 -> 
========================================================================
Received Prepare
Registering precompiled user dll's ...
Registered in 0.002660 seconds.
Begin MonoManager ReloadAssembly
Native extension for WindowsStandalone target not found
Native extension for WebGL target not found
Refreshing native plugins compatible for Editor in 0.36 ms, found 2 plugins.
Preloading 0 native plugins for Editor in 0.00 ms.
Mono: successfully reloaded assembly
- Completed reload, in  0.764 seconds
Domain Reload Profiling:
	ReloadAssembly (765ms)
		BeginReloadAssembly (99ms)
			ExecutionOrderSort (0ms)
			DisableScriptedObjects (3ms)
			BackupInstance (0ms)
			ReleaseScriptingObjects (0ms)
			CreateAndSetChildDomain (25ms)
		EndReloadAssembly (618ms)
			LoadAssemblies (71ms)
			RebuildTransferFunctionScriptingTraits (0ms)
			SetupTypeCache (210ms)
			ReleaseScriptCaches (1ms)
			RebuildScriptCaches (32ms)
			SetupLoadedEditorAssemblies (233ms)
				LogAssemblyErrors (0ms)
				InitializePlatformSupportModulesInManaged (4ms)
				SetLoadedEditorAssemblies (0ms)
				RefreshPlugins (0ms)
				BeforeProcessingInitializeOnLoad (58ms)
				ProcessInitializeOnLoadAttributes (163ms)
				ProcessInitializeOnLoadMethodAttributes (3ms)
				AfterProcessingInitializeOnLoad (4ms)
				EditorAssembliesLoaded (0ms)
			ExecutionOrderSort2 (0ms)
			AwakeInstancesAfterBackupRestoration (5ms)
Platform modules already initialized, skipping
Refreshing native plugins compatible for Editor in 0.36 ms, found 2 plugins.
Preloading 0 native plugins for Editor in 0.00 ms.
Unloading 1738 Unused Serialized files (Serialized files now loaded: 0)
System memory in use before: 170.2 MB.
System memory in use after: 170.3 MB.

Unloading 12 unused Assets to reduce memory usage. Loaded Objects now: 2296.
Total: 2.391600 ms (FindLiveObjects: 0.152200 ms CreateObjectMapping: 0.045000 ms MarkObjects: 2.115100 ms  DeleteObjects: 0.078900 ms)

AssetImportParameters requested are different than current active one (requested -> active):
  requireTextureImportCompression: false -> true
  custom:framework-win-MediaFoundation: 216162199b28c13a410421893ffa2e32 -> 
  custom:video-decoder-ogg-theora: a1e56fd34408186e4bbccfd4996cb3dc -> 
  custom:container-muxer-webm: aa71ff27fc2769a1b78a27578f13a17b -> 
  custom:container-demuxer-webm: 4f35f7cbe854078d1ac9338744f61a02 -> 
  custom:container-demuxer-ogg: 62fdf1f143b41e24485cea50d1cbac27 -> 
  custom:video-encoder-webm-vp8: eb34c28f22e8b96e1ab97ce403110664 -> 
  custom:video-decoder-webm-vp8: 9c59270c3fd7afecdb556c50c9e8de78 -> 
  custom:audio-decoder-ogg-vorbis: bf7c407c2cedff20999df2af8eb42d56 -> 
  custom:audio-encoder-webm-vorbis: bf7c407c2cedff20999df2af8eb42d56 -> 
AssetImportWorkerClient::OnTransportError - code=2 error=End of file
